Reading symbols from ./a.out...
(gdb) b 16
Breakpoint 1 at 0x11fc: file single_linked_list.c, line 16.
(gdb) run
Starting program: /home/algorithms/a.out
[Thread debugging using libthread_db enabled]
Using host libthread_db library "/lib/x86_64-linux-gnu/libthread_db.so.1".

Breakpoint 1, insertStart (ptr=0x7fffffffe390, num=100) at single_linked_list.c:16
16              struct node *newNode = (struct node *) malloc(sizeof(struct node));
(gdb) c
Continuing.

Breakpoint 1, insertStart (ptr=0x7fffffffe390, num=90) at single_linked_list.c:16
16              struct node *newNode = (struct node *) malloc(sizeof(struct node));
(gdb) c
Continuing.

Breakpoint 1, insertStart (ptr=0x7fffffffe390, num=80) at single_linked_list.c:16
16              struct node *newNode = (struct node *) malloc(sizeof(struct node));
(gdb) c
Continuing.

Breakpoint 1, insertStart (ptr=0x7fffffffe390, num=70) at single_linked_list.c:16
16              struct node *newNode = (struct node *) malloc(sizeof(struct node));
(gdb) c
Continuing.

Breakpoint 1, insertStart (ptr=0x7fffffffe390, num=60) at single_linked_list.c:16
16              struct node *newNode = (struct node *) malloc(sizeof(struct node));
(gdb) c
Continuing.

Breakpoint 1, insertStart (ptr=0x7fffffffe390, num=50) at single_linked_list.c:16
16              struct node *newNode = (struct node *) malloc(sizeof(struct node));
(gdb) c
Continuing.

Breakpoint 1, insertStart (ptr=0x7fffffffe390, num=40) at single_linked_list.c:16
16              struct node *newNode = (struct node *) malloc(sizeof(struct node));
(gdb) c
Continuing.

Breakpoint 1, insertStart (ptr=0x7fffffffe390, num=30) at single_linked_list.c:16
16              struct node *newNode = (struct node *) malloc(sizeof(struct node));
(gdb) c
Continuing.

Breakpoint 1, insertStart (ptr=0x7fffffffe390, num=20) at single_linked_list.c:16
16              struct node *newNode = (struct node *) malloc(sizeof(struct node));
(gdb) c
Continuing.

Breakpoint 1, insertStart (ptr=0x7fffffffe390, num=10) at single_linked_list.c:16
16              struct node *newNode = (struct node *) malloc(sizeof(struct node));
(gdb) c
Continuing.
Adding node:  100 90 80 70 60 50 40 30 20 10
Linked List: 10 20 30 40 50 60 70 80 90 100
Deleting node: 10 20 30 40 50 60 70 80 90 100
[Inferior 1 (process 4713) exited normally]
(gdb)

